2025-06-09 15:27:32 [main] INFO  c.c.C.CarAdminMonitorApplication - Starting CarAdminMonitorApplication using Java 21.0.6 with PID 2084 (C:\WorkSpace\New folder\CarRental\CarAdminMonitor\target\classes started by 10827643 in C:\WorkSpace\New folder\CarRental\CarAdminMonitor)
2025-06-09 15:27:32 [main] INFO  c.c.C.CarAdminMonitorApplication - No active profile set, falling back to 1 default profile: "default"
2025-06-09 15:27:36 [main] INFO  o.s.b.w.e.tomcat.TomcatWebServer - Tomcat initialized with port 8080 (http)
2025-06-09 15:27:36 [main] INFO  o.a.coyote.http11.Http11NioProtocol - Initializing ProtocolHandler ["http-nio-8080"]
2025-06-09 15:27:36 [main] INFO  o.a.catalina.core.StandardService - Starting service [Tomcat]
2025-06-09 15:27:36 [main] INFO  o.a.catalina.core.StandardEngine - Starting Servlet engine: [Apache Tomcat/10.1.41]
2025-06-09 15:27:36 [main] INFO  o.a.c.c.C.[Tomcat].[localhost].[/] - Initializing Spring embedded WebApplicationContext
2025-06-09 15:27:36 [main] INFO  o.s.b.w.s.c.ServletWebServerApplicationContext - Root WebApplicationContext: initialization completed in 3390 ms
2025-06-09 15:27:37 [main] WARN  o.s.b.a.t.ThymeleafAutoConfiguration$DefaultTemplateResolverConfiguration - Cannot find template location: classpath:/templates/ (please add some templates, check your Thymeleaf configuration, or set spring.thymeleaf.check-template-location=false)
2025-06-09 15:27:38 [main] INFO  o.s.b.a.e.web.EndpointLinksResolver - Exposing 1 endpoint beneath base path '/actuator'
2025-06-09 15:27:38 [main] INFO  o.a.coyote.http11.Http11NioProtocol - Starting ProtocolHandler ["http-nio-8080"]
2025-06-09 15:27:38 [main] INFO  o.s.b.w.e.tomcat.TomcatWebServer - Tomcat started on port 8080 (http) with context path '/'
2025-06-09 15:27:38 [main] INFO  c.c.C.CarAdminMonitorApplication - Started CarAdminMonitorApplication in 6.645 seconds (process running for 7.336)
2025-06-09 15:27:44 [http-nio-8080-exec-1] INFO  o.a.c.c.C.[Tomcat].[localhost].[/] - Initializing Spring DispatcherServlet 'dispatcherServlet'
2025-06-09 15:27:44 [http-nio-8080-exec-1] INFO  o.s.web.servlet.DispatcherServlet - Initializing Servlet 'dispatcherServlet'
2025-06-09 15:27:44 [http-nio-8080-exec-1] INFO  o.s.web.servlet.DispatcherServlet - Completed initialization in 4 ms
2025-06-09 17:49:22 [main] INFO  c.c.C.CarAdminMonitorApplicationTests - Starting CarAdminMonitorApplicationTests using Java 21.0.6 with PID 1332 (started by 10827643 in C:\WorkSpace\New folder\CarRental\CarAdminMonitor)
2025-06-09 17:49:22 [main] INFO  c.c.C.CarAdminMonitorApplicationTests - No active profile set, falling back to 1 default profile: "default"
2025-06-09 17:49:25 [main] WARN  o.s.b.a.t.ThymeleafAutoConfiguration$DefaultTemplateResolverConfiguration - Cannot find template location: classpath:/templates/ (please add some templates, check your Thymeleaf configuration, or set spring.thymeleaf.check-template-location=false)
2025-06-09 17:49:26 [main] INFO  o.s.b.a.e.web.EndpointLinksResolver - Exposing 1 endpoint beneath base path '/actuator'
2025-06-09 17:49:27 [main] INFO  c.c.C.CarAdminMonitorApplicationTests - Started CarAdminMonitorApplicationTests in 5.051 seconds (process running for 6.622)
