2025-06-09 15:44:09 [http-nio-8081-exec-1] INFO  o.a.c.c.C.[Tomcat].[localhost].[/] - Initializing Spring DispatcherServlet 'dispatcherServlet'
2025-06-09 15:44:09 [http-nio-8081-exec-1] INFO  o.s.web.servlet.DispatcherServlet - Initializing Servlet 'dispatcherServlet'
2025-06-09 15:44:09 [http-nio-8081-exec-1] INFO  o.s.web.servlet.DispatcherServlet - Completed initialization in 3 ms
2025-06-09 15:44:09 [http-nio-8081-exec-1] DEBUG o.s.security.web.FilterChainProxy - Securing OPTIONS /api/available?startDate=2025-06-26&endDate=2025-06-27
2025-06-09 15:44:09 [http-nio-8081-exec-2] DEBUG o.s.security.web.FilterChainProxy - Securing GET /api/available?startDate=2025-06-26&endDate=2025-06-27
2025-06-09 15:44:09 [http-nio-8081-exec-2] INFO  c.c.C.config.MyUserDetailsService - User found: Agrim
2025-06-09 15:44:09 [http-nio-8081-exec-2] INFO  c.c.CarService.config.UserPrinciple - UserPrinciple created for user: Agrim
2025-06-09 15:44:09 [http-nio-8081-exec-2] INFO  c.c.CarService.config.JwtUtils - Validating token for user 'Agrim': VALID
2025-06-09 15:44:09 [http-nio-8081-exec-2] INFO  c.c.C.config.JwtAuthenticationFilter - JWT token is valid. Setting authentication for user: Agrim
2025-06-09 15:44:09 [http-nio-8081-exec-2] DEBUG o.s.security.web.FilterChainProxy - Secured GET /api/available?startDate=2025-06-26&endDate=2025-06-27
2025-06-09 15:44:09 [http-nio-8081-exec-2] INFO  c.c.C.service.CarRentalService - Fetching available cars between 2025-06-26 and 2025-06-27
2025-06-09 15:44:09 [http-nio-8081-exec-2] INFO  c.c.C.service.CarRentalService - Found 9 available cars
2025-06-09 15:44:09 [http-nio-8081-exec-4] DEBUG o.s.security.web.FilterChainProxy - Securing GET /api/cars/image/c4f30447-3733-4c32-aeda-781c60b85ce4_gwagon.webp
2025-06-09 15:44:09 [http-nio-8081-exec-9] DEBUG o.s.security.web.FilterChainProxy - Securing GET /api/cars/image/0ecea1b9-73ae-446f-a462-2c11029f4b4d_alto.webp
2025-06-09 15:44:09 [http-nio-8081-exec-6] DEBUG o.s.security.web.FilterChainProxy - Securing GET /api/cars/image/24d6eb00-4ded-40c4-923c-894dece03c0a_astor.jpg
2025-06-09 15:44:09 [http-nio-8081-exec-3] DEBUG o.s.security.web.FilterChainProxy - Securing GET /api/cars/image/79fa5371-3c1f-4760-84cd-59f7c73fa5e2_gwagon.webp
2025-06-09 15:44:09 [http-nio-8081-exec-5] DEBUG o.s.security.web.FilterChainProxy - Securing GET /api/cars/image/9166c3d1-1d94-4fdc-9fbc-aa1094671d64_thar.jpg
2025-06-09 15:44:10 [http-nio-8081-exec-8] DEBUG o.s.security.web.FilterChainProxy - Securing GET /api/cars/image/1735a0a2-2889-4b1f-89f6-86923c1e6733_fortuner.jpg
2025-06-09 15:44:10 [http-nio-8081-exec-4] DEBUG o.s.s.w.a.AnonymousAuthenticationFilter - Set SecurityContextHolder to anonymous SecurityContext
2025-06-09 15:44:10 [http-nio-8081-exec-9] DEBUG o.s.s.w.a.AnonymousAuthenticationFilter - Set SecurityContextHolder to anonymous SecurityContext
2025-06-09 15:44:10 [http-nio-8081-exec-6] DEBUG o.s.s.w.a.AnonymousAuthenticationFilter - Set SecurityContextHolder to anonymous SecurityContext
2025-06-09 15:44:10 [http-nio-8081-exec-3] DEBUG o.s.s.w.a.AnonymousAuthenticationFilter - Set SecurityContextHolder to anonymous SecurityContext
2025-06-09 15:44:10 [http-nio-8081-exec-5] DEBUG o.s.s.w.a.AnonymousAuthenticationFilter - Set SecurityContextHolder to anonymous SecurityContext
2025-06-09 15:44:10 [http-nio-8081-exec-8] DEBUG o.s.s.w.a.AnonymousAuthenticationFilter - Set SecurityContextHolder to anonymous SecurityContext
2025-06-09 15:44:10 [http-nio-8081-exec-5] DEBUG o.s.security.web.FilterChainProxy - Secured GET /api/cars/image/9166c3d1-1d94-4fdc-9fbc-aa1094671d64_thar.jpg
2025-06-09 15:44:10 [http-nio-8081-exec-4] DEBUG o.s.security.web.FilterChainProxy - Secured GET /api/cars/image/c4f30447-3733-4c32-aeda-781c60b85ce4_gwagon.webp
2025-06-09 15:44:10 [http-nio-8081-exec-9] DEBUG o.s.security.web.FilterChainProxy - Secured GET /api/cars/image/0ecea1b9-73ae-446f-a462-2c11029f4b4d_alto.webp
2025-06-09 15:44:10 [http-nio-8081-exec-6] DEBUG o.s.security.web.FilterChainProxy - Secured GET /api/cars/image/24d6eb00-4ded-40c4-923c-894dece03c0a_astor.jpg
2025-06-09 15:44:10 [http-nio-8081-exec-3] DEBUG o.s.security.web.FilterChainProxy - Secured GET /api/cars/image/79fa5371-3c1f-4760-84cd-59f7c73fa5e2_gwagon.webp
2025-06-09 15:44:10 [http-nio-8081-exec-8] DEBUG o.s.security.web.FilterChainProxy - Secured GET /api/cars/image/1735a0a2-2889-4b1f-89f6-86923c1e6733_fortuner.jpg
2025-06-09 15:44:10 [http-nio-8081-exec-9] INFO  c.c.C.controller.CarRentalController - Fetching image with filename: 0ecea1b9-73ae-446f-a462-2c11029f4b4d_alto.webp
2025-06-09 15:44:10 [http-nio-8081-exec-3] INFO  c.c.C.controller.CarRentalController - Fetching image with filename: 79fa5371-3c1f-4760-84cd-59f7c73fa5e2_gwagon.webp
2025-06-09 15:44:10 [http-nio-8081-exec-5] INFO  c.c.C.controller.CarRentalController - Fetching image with filename: 9166c3d1-1d94-4fdc-9fbc-aa1094671d64_thar.jpg
2025-06-09 15:44:10 [http-nio-8081-exec-6] INFO  c.c.C.controller.CarRentalController - Fetching image with filename: 24d6eb00-4ded-40c4-923c-894dece03c0a_astor.jpg
2025-06-09 15:44:10 [http-nio-8081-exec-4] INFO  c.c.C.controller.CarRentalController - Fetching image with filename: c4f30447-3733-4c32-aeda-781c60b85ce4_gwagon.webp
2025-06-09 15:44:10 [http-nio-8081-exec-5] INFO  c.c.C.controller.CarRentalController - Looking for image at: C:\WorkSpace\New folder\CarRental\uploads\9166c3d1-1d94-4fdc-9fbc-aa1094671d64_thar.jpg
2025-06-09 15:44:10 [http-nio-8081-exec-9] INFO  c.c.C.controller.CarRentalController - Looking for image at: C:\WorkSpace\New folder\CarRental\uploads\0ecea1b9-73ae-446f-a462-2c11029f4b4d_alto.webp
2025-06-09 15:44:10 [http-nio-8081-exec-8] INFO  c.c.C.controller.CarRentalController - Fetching image with filename: 1735a0a2-2889-4b1f-89f6-86923c1e6733_fortuner.jpg
2025-06-09 15:44:10 [http-nio-8081-exec-3] INFO  c.c.C.controller.CarRentalController - Looking for image at: C:\WorkSpace\New folder\CarRental\uploads\79fa5371-3c1f-4760-84cd-59f7c73fa5e2_gwagon.webp
2025-06-09 15:44:10 [http-nio-8081-exec-6] INFO  c.c.C.controller.CarRentalController - Looking for image at: C:\WorkSpace\New folder\CarRental\uploads\24d6eb00-4ded-40c4-923c-894dece03c0a_astor.jpg
2025-06-09 15:44:10 [http-nio-8081-exec-4] INFO  c.c.C.controller.CarRentalController - Looking for image at: C:\WorkSpace\New folder\CarRental\uploads\c4f30447-3733-4c32-aeda-781c60b85ce4_gwagon.webp
2025-06-09 15:44:10 [http-nio-8081-exec-8] INFO  c.c.C.controller.CarRentalController - Looking for image at: C:\WorkSpace\New folder\CarRental\uploads\1735a0a2-2889-4b1f-89f6-86923c1e6733_fortuner.jpg
2025-06-09 15:44:10 [http-nio-8081-exec-5] INFO  c.c.C.controller.CarRentalController - Image served successfully: 9166c3d1-1d94-4fdc-9fbc-aa1094671d64_thar.jpg
2025-06-09 15:44:10 [http-nio-8081-exec-6] INFO  c.c.C.controller.CarRentalController - Image served successfully: 24d6eb00-4ded-40c4-923c-894dece03c0a_astor.jpg
2025-06-09 15:44:10 [http-nio-8081-exec-8] INFO  c.c.C.controller.CarRentalController - Image served successfully: 1735a0a2-2889-4b1f-89f6-86923c1e6733_fortuner.jpg
2025-06-09 15:44:10 [http-nio-8081-exec-3] INFO  c.c.C.controller.CarRentalController - Image served successfully: 79fa5371-3c1f-4760-84cd-59f7c73fa5e2_gwagon.webp
2025-06-09 15:44:10 [http-nio-8081-exec-9] INFO  c.c.C.controller.CarRentalController - Image served successfully: 0ecea1b9-73ae-446f-a462-2c11029f4b4d_alto.webp
2025-06-09 15:44:10 [http-nio-8081-exec-4] INFO  c.c.C.controller.CarRentalController - Image served successfully: c4f30447-3733-4c32-aeda-781c60b85ce4_gwagon.webp
2025-06-09 15:44:10 [http-nio-8081-exec-7] DEBUG o.s.security.web.FilterChainProxy - Securing GET /api/cars/image/7c80be52-3ba6-4a55-b2a9-fe0af2246ec4_alto.jpg
2025-06-09 15:44:10 [http-nio-8081-exec-10] DEBUG o.s.security.web.FilterChainProxy - Securing GET /api/cars/image/92df5467-c53e-43ec-b545-4cc84c0718ba_alto.webp
2025-06-09 15:44:10 [http-nio-8081-exec-5] DEBUG o.s.security.web.FilterChainProxy - Securing GET /api/cars/image/a5453773-0666-43b4-bbbe-887d1cda7220_volvo-xc90-black-side-view-wallpaper-preview.jpg
2025-06-09 15:44:10 [http-nio-8081-exec-10] DEBUG o.s.s.w.a.AnonymousAuthenticationFilter - Set SecurityContextHolder to anonymous SecurityContext
2025-06-09 15:44:10 [http-nio-8081-exec-5] DEBUG o.s.s.w.a.AnonymousAuthenticationFilter - Set SecurityContextHolder to anonymous SecurityContext
2025-06-09 15:44:10 [http-nio-8081-exec-10] DEBUG o.s.security.web.FilterChainProxy - Secured GET /api/cars/image/92df5467-c53e-43ec-b545-4cc84c0718ba_alto.webp
2025-06-09 15:44:10 [http-nio-8081-exec-5] DEBUG o.s.security.web.FilterChainProxy - Secured GET /api/cars/image/a5453773-0666-43b4-bbbe-887d1cda7220_volvo-xc90-black-side-view-wallpaper-preview.jpg
2025-06-09 15:44:10 [http-nio-8081-exec-5] INFO  c.c.C.controller.CarRentalController - Fetching image with filename: a5453773-0666-43b4-bbbe-887d1cda7220_volvo-xc90-black-side-view-wallpaper-preview.jpg
2025-06-09 15:44:10 [http-nio-8081-exec-5] INFO  c.c.C.controller.CarRentalController - Looking for image at: C:\WorkSpace\New folder\CarRental\uploads\a5453773-0666-43b4-bbbe-887d1cda7220_volvo-xc90-black-side-view-wallpaper-preview.jpg
2025-06-09 15:44:10 [http-nio-8081-exec-10] INFO  c.c.C.controller.CarRentalController - Fetching image with filename: 92df5467-c53e-43ec-b545-4cc84c0718ba_alto.webp
2025-06-09 15:44:10 [http-nio-8081-exec-7] DEBUG o.s.s.w.a.AnonymousAuthenticationFilter - Set SecurityContextHolder to anonymous SecurityContext
2025-06-09 15:44:10 [http-nio-8081-exec-10] INFO  c.c.C.controller.CarRentalController - Looking for image at: C:\WorkSpace\New folder\CarRental\uploads\92df5467-c53e-43ec-b545-4cc84c0718ba_alto.webp
2025-06-09 15:44:10 [http-nio-8081-exec-5] INFO  c.c.C.controller.CarRentalController - Image served successfully: a5453773-0666-43b4-bbbe-887d1cda7220_volvo-xc90-black-side-view-wallpaper-preview.jpg
2025-06-09 15:44:10 [http-nio-8081-exec-10] INFO  c.c.C.controller.CarRentalController - Image served successfully: 92df5467-c53e-43ec-b545-4cc84c0718ba_alto.webp
2025-06-09 15:44:10 [http-nio-8081-exec-7] DEBUG o.s.security.web.FilterChainProxy - Secured GET /api/cars/image/7c80be52-3ba6-4a55-b2a9-fe0af2246ec4_alto.jpg
2025-06-09 15:44:10 [http-nio-8081-exec-7] INFO  c.c.C.controller.CarRentalController - Fetching image with filename: 7c80be52-3ba6-4a55-b2a9-fe0af2246ec4_alto.jpg
2025-06-09 15:44:10 [http-nio-8081-exec-7] INFO  c.c.C.controller.CarRentalController - Looking for image at: C:\WorkSpace\New folder\CarRental\uploads\7c80be52-3ba6-4a55-b2a9-fe0af2246ec4_alto.jpg
2025-06-09 15:44:10 [http-nio-8081-exec-7] INFO  c.c.C.controller.CarRentalController - Image served successfully: 7c80be52-3ba6-4a55-b2a9-fe0af2246ec4_alto.jpg
2025-06-09 15:44:33 [http-nio-8081-exec-1] DEBUG o.s.security.web.FilterChainProxy - Securing OPTIONS /api/available?startDate=2025-08-15&endDate=2025-09-20
2025-06-09 15:44:33 [http-nio-8081-exec-2] DEBUG o.s.security.web.FilterChainProxy - Securing GET /api/available?startDate=2025-08-15&endDate=2025-09-20
2025-06-09 15:44:33 [http-nio-8081-exec-2] INFO  c.c.C.config.MyUserDetailsService - User found: Agrim
2025-06-09 15:44:33 [http-nio-8081-exec-2] INFO  c.c.CarService.config.UserPrinciple - UserPrinciple created for user: Agrim
2025-06-09 15:44:33 [http-nio-8081-exec-2] INFO  c.c.CarService.config.JwtUtils - Validating token for user 'Agrim': VALID
2025-06-09 15:44:33 [http-nio-8081-exec-2] INFO  c.c.C.config.JwtAuthenticationFilter - JWT token is valid. Setting authentication for user: Agrim
2025-06-09 15:44:33 [http-nio-8081-exec-2] DEBUG o.s.security.web.FilterChainProxy - Secured GET /api/available?startDate=2025-08-15&endDate=2025-09-20
2025-06-09 15:44:33 [http-nio-8081-exec-2] INFO  c.c.C.service.CarRentalService - Fetching available cars between 2025-08-15 and 2025-09-20
2025-06-09 15:44:33 [http-nio-8081-exec-2] INFO  c.c.C.service.CarRentalService - Found 10 available cars
2025-06-09 15:44:33 [http-nio-8081-exec-3] DEBUG o.s.security.web.FilterChainProxy - Securing GET /api/cars/image/24d6eb00-4ded-40c4-923c-894dece03c0a_astor.jpg
2025-06-09 15:44:33 [http-nio-8081-exec-9] DEBUG o.s.security.web.FilterChainProxy - Securing GET /api/cars/image/9166c3d1-1d94-4fdc-9fbc-aa1094671d64_thar.jpg
2025-06-09 15:44:33 [http-nio-8081-exec-4] DEBUG o.s.security.web.FilterChainProxy - Securing GET /api/cars/image/1735a0a2-2889-4b1f-89f6-86923c1e6733_fortuner.jpg
2025-06-09 15:44:33 [http-nio-8081-exec-8] DEBUG o.s.security.web.FilterChainProxy - Securing GET /api/cars/image/c4f30447-3733-4c32-aeda-781c60b85ce4_gwagon.webp
2025-06-09 15:44:33 [http-nio-8081-exec-5] DEBUG o.s.security.web.FilterChainProxy - Securing GET /api/cars/image/0ecea1b9-73ae-446f-a462-2c11029f4b4d_alto.webp
2025-06-09 15:44:33 [http-nio-8081-exec-6] DEBUG o.s.security.web.FilterChainProxy - Securing GET /api/cars/image/79fa5371-3c1f-4760-84cd-59f7c73fa5e2_gwagon.webp
2025-06-09 15:44:33 [http-nio-8081-exec-3] DEBUG o.s.s.w.a.AnonymousAuthenticationFilter - Set SecurityContextHolder to anonymous SecurityContext
2025-06-09 15:44:33 [http-nio-8081-exec-9] DEBUG o.s.s.w.a.AnonymousAuthenticationFilter - Set SecurityContextHolder to anonymous SecurityContext
2025-06-09 15:44:33 [http-nio-8081-exec-3] DEBUG o.s.security.web.FilterChainProxy - Secured GET /api/cars/image/24d6eb00-4ded-40c4-923c-894dece03c0a_astor.jpg
2025-06-09 15:44:33 [http-nio-8081-exec-4] DEBUG o.s.s.w.a.AnonymousAuthenticationFilter - Set SecurityContextHolder to anonymous SecurityContext
2025-06-09 15:44:33 [http-nio-8081-exec-5] DEBUG o.s.s.w.a.AnonymousAuthenticationFilter - Set SecurityContextHolder to anonymous SecurityContext
2025-06-09 15:44:33 [http-nio-8081-exec-9] DEBUG o.s.security.web.FilterChainProxy - Secured GET /api/cars/image/9166c3d1-1d94-4fdc-9fbc-aa1094671d64_thar.jpg
2025-06-09 15:44:33 [http-nio-8081-exec-8] DEBUG o.s.s.w.a.AnonymousAuthenticationFilter - Set SecurityContextHolder to anonymous SecurityContext
2025-06-09 15:44:33 [http-nio-8081-exec-6] DEBUG o.s.s.w.a.AnonymousAuthenticationFilter - Set SecurityContextHolder to anonymous SecurityContext
2025-06-09 15:44:33 [http-nio-8081-exec-4] DEBUG o.s.security.web.FilterChainProxy - Secured GET /api/cars/image/1735a0a2-2889-4b1f-89f6-86923c1e6733_fortuner.jpg
2025-06-09 15:44:33 [http-nio-8081-exec-3] INFO  c.c.C.controller.CarRentalController - Fetching image with filename: 24d6eb00-4ded-40c4-923c-894dece03c0a_astor.jpg
2025-06-09 15:44:33 [http-nio-8081-exec-5] DEBUG o.s.security.web.FilterChainProxy - Secured GET /api/cars/image/0ecea1b9-73ae-446f-a462-2c11029f4b4d_alto.webp
2025-06-09 15:44:33 [http-nio-8081-exec-3] INFO  c.c.C.controller.CarRentalController - Looking for image at: C:\WorkSpace\New folder\CarRental\uploads\24d6eb00-4ded-40c4-923c-894dece03c0a_astor.jpg
2025-06-09 15:44:33 [http-nio-8081-exec-8] DEBUG o.s.security.web.FilterChainProxy - Secured GET /api/cars/image/c4f30447-3733-4c32-aeda-781c60b85ce4_gwagon.webp
2025-06-09 15:44:33 [http-nio-8081-exec-6] DEBUG o.s.security.web.FilterChainProxy - Secured GET /api/cars/image/79fa5371-3c1f-4760-84cd-59f7c73fa5e2_gwagon.webp
2025-06-09 15:44:33 [http-nio-8081-exec-9] INFO  c.c.C.controller.CarRentalController - Fetching image with filename: 9166c3d1-1d94-4fdc-9fbc-aa1094671d64_thar.jpg
2025-06-09 15:44:33 [http-nio-8081-exec-4] INFO  c.c.C.controller.CarRentalController - Fetching image with filename: 1735a0a2-2889-4b1f-89f6-86923c1e6733_fortuner.jpg
2025-06-09 15:44:33 [http-nio-8081-exec-5] INFO  c.c.C.controller.CarRentalController - Fetching image with filename: 0ecea1b9-73ae-446f-a462-2c11029f4b4d_alto.webp
2025-06-09 15:44:33 [http-nio-8081-exec-3] INFO  c.c.C.controller.CarRentalController - Image served successfully: 24d6eb00-4ded-40c4-923c-894dece03c0a_astor.jpg
2025-06-09 15:44:33 [http-nio-8081-exec-8] INFO  c.c.C.controller.CarRentalController - Fetching image with filename: c4f30447-3733-4c32-aeda-781c60b85ce4_gwagon.webp
2025-06-09 15:44:33 [http-nio-8081-exec-9] INFO  c.c.C.controller.CarRentalController - Looking for image at: C:\WorkSpace\New folder\CarRental\uploads\9166c3d1-1d94-4fdc-9fbc-aa1094671d64_thar.jpg
2025-06-09 15:44:33 [http-nio-8081-exec-4] INFO  c.c.C.controller.CarRentalController - Looking for image at: C:\WorkSpace\New folder\CarRental\uploads\1735a0a2-2889-4b1f-89f6-86923c1e6733_fortuner.jpg
2025-06-09 15:44:33 [http-nio-8081-exec-5] INFO  c.c.C.controller.CarRentalController - Looking for image at: C:\WorkSpace\New folder\CarRental\uploads\0ecea1b9-73ae-446f-a462-2c11029f4b4d_alto.webp
2025-06-09 15:44:33 [http-nio-8081-exec-8] INFO  c.c.C.controller.CarRentalController - Looking for image at: C:\WorkSpace\New folder\CarRental\uploads\c4f30447-3733-4c32-aeda-781c60b85ce4_gwagon.webp
2025-06-09 15:44:33 [http-nio-8081-exec-6] INFO  c.c.C.controller.CarRentalController - Fetching image with filename: 79fa5371-3c1f-4760-84cd-59f7c73fa5e2_gwagon.webp
2025-06-09 15:44:33 [http-nio-8081-exec-9] INFO  c.c.C.controller.CarRentalController - Image served successfully: 9166c3d1-1d94-4fdc-9fbc-aa1094671d64_thar.jpg
2025-06-09 15:44:33 [http-nio-8081-exec-4] INFO  c.c.C.controller.CarRentalController - Image served successfully: 1735a0a2-2889-4b1f-89f6-86923c1e6733_fortuner.jpg
2025-06-09 15:44:33 [http-nio-8081-exec-5] INFO  c.c.C.controller.CarRentalController - Image served successfully: 0ecea1b9-73ae-446f-a462-2c11029f4b4d_alto.webp
2025-06-09 15:44:33 [http-nio-8081-exec-8] INFO  c.c.C.controller.CarRentalController - Image served successfully: c4f30447-3733-4c32-aeda-781c60b85ce4_gwagon.webp
2025-06-09 15:44:33 [http-nio-8081-exec-6] INFO  c.c.C.controller.CarRentalController - Looking for image at: C:\WorkSpace\New folder\CarRental\uploads\79fa5371-3c1f-4760-84cd-59f7c73fa5e2_gwagon.webp
2025-06-09 15:44:33 [http-nio-8081-exec-10] DEBUG o.s.security.web.FilterChainProxy - Securing GET /api/cars/image/7c80be52-3ba6-4a55-b2a9-fe0af2246ec4_alto.jpg
2025-06-09 15:44:33 [http-nio-8081-exec-10] DEBUG o.s.s.w.a.AnonymousAuthenticationFilter - Set SecurityContextHolder to anonymous SecurityContext
2025-06-09 15:44:33 [http-nio-8081-exec-7] DEBUG o.s.security.web.FilterChainProxy - Securing GET /api/cars/image/92df5467-c53e-43ec-b545-4cc84c0718ba_alto.webp
2025-06-09 15:44:33 [http-nio-8081-exec-1] DEBUG o.s.security.web.FilterChainProxy - Securing GET /api/cars/image/a5453773-0666-43b4-bbbe-887d1cda7220_volvo-xc90-black-side-view-wallpaper-preview.jpg
2025-06-09 15:44:33 [http-nio-8081-exec-6] INFO  c.c.C.controller.CarRentalController - Image served successfully: 79fa5371-3c1f-4760-84cd-59f7c73fa5e2_gwagon.webp
2025-06-09 15:44:33 [http-nio-8081-exec-10] DEBUG o.s.security.web.FilterChainProxy - Secured GET /api/cars/image/7c80be52-3ba6-4a55-b2a9-fe0af2246ec4_alto.jpg
2025-06-09 15:44:33 [http-nio-8081-exec-1] DEBUG o.s.s.w.a.AnonymousAuthenticationFilter - Set SecurityContextHolder to anonymous SecurityContext
2025-06-09 15:44:33 [http-nio-8081-exec-7] DEBUG o.s.s.w.a.AnonymousAuthenticationFilter - Set SecurityContextHolder to anonymous SecurityContext
2025-06-09 15:44:33 [http-nio-8081-exec-1] DEBUG o.s.security.web.FilterChainProxy - Secured GET /api/cars/image/a5453773-0666-43b4-bbbe-887d1cda7220_volvo-xc90-black-side-view-wallpaper-preview.jpg
2025-06-09 15:44:33 [http-nio-8081-exec-7] DEBUG o.s.security.web.FilterChainProxy - Secured GET /api/cars/image/92df5467-c53e-43ec-b545-4cc84c0718ba_alto.webp
2025-06-09 15:44:33 [http-nio-8081-exec-10] INFO  c.c.C.controller.CarRentalController - Fetching image with filename: 7c80be52-3ba6-4a55-b2a9-fe0af2246ec4_alto.jpg
2025-06-09 15:44:33 [http-nio-8081-exec-1] INFO  c.c.C.controller.CarRentalController - Fetching image with filename: a5453773-0666-43b4-bbbe-887d1cda7220_volvo-xc90-black-side-view-wallpaper-preview.jpg
2025-06-09 15:44:33 [http-nio-8081-exec-7] INFO  c.c.C.controller.CarRentalController - Fetching image with filename: 92df5467-c53e-43ec-b545-4cc84c0718ba_alto.webp
2025-06-09 15:44:33 [http-nio-8081-exec-10] INFO  c.c.C.controller.CarRentalController - Looking for image at: C:\WorkSpace\New folder\CarRental\uploads\7c80be52-3ba6-4a55-b2a9-fe0af2246ec4_alto.jpg
2025-06-09 15:44:33 [http-nio-8081-exec-1] INFO  c.c.C.controller.CarRentalController - Looking for image at: C:\WorkSpace\New folder\CarRental\uploads\a5453773-0666-43b4-bbbe-887d1cda7220_volvo-xc90-black-side-view-wallpaper-preview.jpg
2025-06-09 15:44:33 [http-nio-8081-exec-7] INFO  c.c.C.controller.CarRentalController - Looking for image at: C:\WorkSpace\New folder\CarRental\uploads\92df5467-c53e-43ec-b545-4cc84c0718ba_alto.webp
2025-06-09 15:44:33 [http-nio-8081-exec-10] INFO  c.c.C.controller.CarRentalController - Image served successfully: 7c80be52-3ba6-4a55-b2a9-fe0af2246ec4_alto.jpg
2025-06-09 15:44:33 [http-nio-8081-exec-2] DEBUG o.s.security.web.FilterChainProxy - Securing GET /api/cars/image/61dff921-409c-4f26-b96c-2d66545d238f_m4.webp
2025-06-09 15:44:33 [http-nio-8081-exec-1] INFO  c.c.C.controller.CarRentalController - Image served successfully: a5453773-0666-43b4-bbbe-887d1cda7220_volvo-xc90-black-side-view-wallpaper-preview.jpg
2025-06-09 15:44:33 [http-nio-8081-exec-7] INFO  c.c.C.controller.CarRentalController - Image served successfully: 92df5467-c53e-43ec-b545-4cc84c0718ba_alto.webp
2025-06-09 15:44:33 [http-nio-8081-exec-2] DEBUG o.s.s.w.a.AnonymousAuthenticationFilter - Set SecurityContextHolder to anonymous SecurityContext
2025-06-09 15:44:33 [http-nio-8081-exec-2] DEBUG o.s.security.web.FilterChainProxy - Secured GET /api/cars/image/61dff921-409c-4f26-b96c-2d66545d238f_m4.webp
2025-06-09 15:44:33 [http-nio-8081-exec-2] INFO  c.c.C.controller.CarRentalController - Fetching image with filename: 61dff921-409c-4f26-b96c-2d66545d238f_m4.webp
2025-06-09 15:44:33 [http-nio-8081-exec-2] INFO  c.c.C.controller.CarRentalController - Looking for image at: C:\WorkSpace\New folder\CarRental\uploads\61dff921-409c-4f26-b96c-2d66545d238f_m4.webp
2025-06-09 15:44:33 [http-nio-8081-exec-2] INFO  c.c.C.controller.CarRentalController - Image served successfully: 61dff921-409c-4f26-b96c-2d66545d238f_m4.webp
2025-06-09 15:44:44 [http-nio-8081-exec-3] DEBUG o.s.security.web.FilterChainProxy - Securing OPTIONS /api/cars
2025-06-09 15:44:44 [http-nio-8081-exec-4] DEBUG o.s.security.web.FilterChainProxy - Securing GET /api/cars
2025-06-09 15:44:44 [http-nio-8081-exec-4] INFO  c.c.C.config.MyUserDetailsService - User found: Agrim
2025-06-09 15:44:44 [http-nio-8081-exec-4] INFO  c.c.CarService.config.UserPrinciple - UserPrinciple created for user: Agrim
2025-06-09 15:44:44 [http-nio-8081-exec-4] INFO  c.c.CarService.config.JwtUtils - Validating token for user 'Agrim': VALID
2025-06-09 15:44:44 [http-nio-8081-exec-4] INFO  c.c.C.config.JwtAuthenticationFilter - JWT token is valid. Setting authentication for user: Agrim
2025-06-09 15:44:44 [http-nio-8081-exec-4] DEBUG o.s.security.web.FilterChainProxy - Secured GET /api/cars
2025-06-09 15:44:44 [http-nio-8081-exec-4] INFO  c.c.C.controller.CarRentalController - Fetching all available cars...
2025-06-09 15:44:44 [http-nio-8081-exec-4] INFO  c.c.C.service.CarRentalService - Fetching all available cars...
2025-06-09 15:44:44 [http-nio-8081-exec-4] INFO  c.c.C.service.CarRentalService - Found 10 available cars
2025-06-09 15:44:44 [http-nio-8081-exec-4] INFO  c.c.C.controller.CarRentalController - Successfully fetched 10 available cars
2025-06-09 15:44:52 [http-nio-8081-exec-9] DEBUG o.s.security.web.FilterChainProxy - Securing OPTIONS /api/bookings
2025-06-09 15:44:52 [http-nio-8081-exec-5] DEBUG o.s.security.web.FilterChainProxy - Securing POST /api/bookings
2025-06-09 15:44:52 [http-nio-8081-exec-5] INFO  c.c.C.config.MyUserDetailsService - User found: Agrim
2025-06-09 15:44:52 [http-nio-8081-exec-5] INFO  c.c.CarService.config.UserPrinciple - UserPrinciple created for user: Agrim
2025-06-09 15:44:52 [http-nio-8081-exec-5] INFO  c.c.CarService.config.JwtUtils - Validating token for user 'Agrim': VALID
2025-06-09 15:44:52 [http-nio-8081-exec-5] INFO  c.c.C.config.JwtAuthenticationFilter - JWT token is valid. Setting authentication for user: Agrim
2025-06-09 15:44:52 [http-nio-8081-exec-5] DEBUG o.s.security.web.FilterChainProxy - Secured POST /api/bookings
2025-06-09 15:44:52 [http-nio-8081-exec-5] INFO  c.c.C.controller.CarRentalController - Booking request received for car ID: 11
2025-06-09 15:44:52 [http-nio-8081-exec-5] INFO  c.c.C.service.CarRentalService - Booking request received for car ID: 11
2025-06-09 15:44:53 [http-nio-8081-exec-5] INFO  c.c.C.service.CarRentalService - Booking saved with ID: 19
2025-06-09 15:44:53 [http-nio-8081-exec-5] INFO  c.c.C.service.CarRentalService - Booking event sent for booking ID: 19
2025-06-09 15:44:53 [http-nio-8081-exec-5] INFO  c.c.C.controller.CarRentalController - Booking successful with ID: 19
2025-06-09 15:44:53 [http-nio-8081-exec-8] DEBUG o.s.security.web.FilterChainProxy - Securing GET /api/bookings
2025-06-09 15:44:53 [http-nio-8081-exec-8] INFO  c.c.C.config.MyUserDetailsService - User found: Agrim
2025-06-09 15:44:53 [http-nio-8081-exec-8] INFO  c.c.CarService.config.UserPrinciple - UserPrinciple created for user: Agrim
2025-06-09 15:44:53 [http-nio-8081-exec-8] INFO  c.c.CarService.config.JwtUtils - Validating token for user 'Agrim': VALID
2025-06-09 15:44:53 [http-nio-8081-exec-8] INFO  c.c.C.config.JwtAuthenticationFilter - JWT token is valid. Setting authentication for user: Agrim
2025-06-09 15:44:53 [http-nio-8081-exec-8] DEBUG o.s.security.web.FilterChainProxy - Secured GET /api/bookings
2025-06-09 15:44:53 [http-nio-8081-exec-8] INFO  c.c.C.controller.CarRentalController - Fetching all bookings...
2025-06-09 15:44:53 [http-nio-8081-exec-8] INFO  c.c.C.service.CarRentalService - Fetching all bookings...
2025-06-09 15:44:53 [http-nio-8081-exec-8] INFO  c.c.C.service.CarRentalService - Found 2 bookings
2025-06-09 15:44:53 [http-nio-8081-exec-8] INFO  c.c.C.controller.CarRentalController - Fetched 2 bookings
2025-06-09 15:52:26 [http-nio-8081-exec-9] DEBUG o.s.security.web.FilterChainProxy - Securing OPTIONS /api/available?startDate=2025-06-30&endDate=2025-06-30
2025-06-09 15:52:26 [http-nio-8081-exec-5] DEBUG o.s.security.web.FilterChainProxy - Securing GET /api/available?startDate=2025-06-30&endDate=2025-06-30
2025-06-09 15:52:26 [http-nio-8081-exec-5] INFO  c.c.C.config.MyUserDetailsService - User found: Agrim
2025-06-09 15:52:26 [http-nio-8081-exec-5] INFO  c.c.CarService.config.UserPrinciple - UserPrinciple created for user: Agrim
2025-06-09 15:52:26 [http-nio-8081-exec-5] INFO  c.c.CarService.config.JwtUtils - Validating token for user 'Agrim': VALID
2025-06-09 15:52:26 [http-nio-8081-exec-5] INFO  c.c.C.config.JwtAuthenticationFilter - JWT token is valid. Setting authentication for user: Agrim
2025-06-09 15:52:26 [http-nio-8081-exec-5] DEBUG o.s.security.web.FilterChainProxy - Secured GET /api/available?startDate=2025-06-30&endDate=2025-06-30
2025-06-09 15:52:26 [http-nio-8081-exec-5] INFO  c.c.C.service.CarRentalService - Fetching available cars between 2025-06-30 and 2025-06-30
2025-06-09 15:52:26 [http-nio-8081-exec-5] INFO  c.c.C.service.CarRentalService - Found 10 available cars
2025-06-09 15:52:26 [http-nio-8081-exec-2] DEBUG o.s.security.web.FilterChainProxy - Securing GET /api/cars/image/c4f30447-3733-4c32-aeda-781c60b85ce4_gwagon.webp
2025-06-09 15:52:26 [http-nio-8081-exec-7] DEBUG o.s.security.web.FilterChainProxy - Securing GET /api/cars/image/1735a0a2-2889-4b1f-89f6-86923c1e6733_fortuner.jpg
2025-06-09 15:52:26 [http-nio-8081-exec-3] DEBUG o.s.security.web.FilterChainProxy - Securing GET /api/cars/image/9166c3d1-1d94-4fdc-9fbc-aa1094671d64_thar.jpg
2025-06-09 15:52:26 [http-nio-8081-exec-8] DEBUG o.s.security.web.FilterChainProxy - Securing GET /api/cars/image/79fa5371-3c1f-4760-84cd-59f7c73fa5e2_gwagon.webp
2025-06-09 15:52:26 [http-nio-8081-exec-10] DEBUG o.s.security.web.FilterChainProxy - Securing GET /api/cars/image/24d6eb00-4ded-40c4-923c-894dece03c0a_astor.jpg
2025-06-09 15:52:26 [http-nio-8081-exec-6] DEBUG o.s.security.web.FilterChainProxy - Securing GET /api/cars/image/0ecea1b9-73ae-446f-a462-2c11029f4b4d_alto.webp
2025-06-09 15:52:26 [http-nio-8081-exec-2] DEBUG o.s.s.w.a.AnonymousAuthenticationFilter - Set SecurityContextHolder to anonymous SecurityContext
2025-06-09 15:52:26 [http-nio-8081-exec-7] DEBUG o.s.s.w.a.AnonymousAuthenticationFilter - Set SecurityContextHolder to anonymous SecurityContext
2025-06-09 15:52:26 [http-nio-8081-exec-3] DEBUG o.s.s.w.a.AnonymousAuthenticationFilter - Set SecurityContextHolder to anonymous SecurityContext
2025-06-09 15:52:26 [http-nio-8081-exec-10] DEBUG o.s.s.w.a.AnonymousAuthenticationFilter - Set SecurityContextHolder to anonymous SecurityContext
2025-06-09 15:52:26 [http-nio-8081-exec-8] DEBUG o.s.s.w.a.AnonymousAuthenticationFilter - Set SecurityContextHolder to anonymous SecurityContext
2025-06-09 15:52:26 [http-nio-8081-exec-2] DEBUG o.s.security.web.FilterChainProxy - Secured GET /api/cars/image/c4f30447-3733-4c32-aeda-781c60b85ce4_gwagon.webp
2025-06-09 15:52:26 [http-nio-8081-exec-6] DEBUG o.s.s.w.a.AnonymousAuthenticationFilter - Set SecurityContextHolder to anonymous SecurityContext
2025-06-09 15:52:26 [http-nio-8081-exec-7] DEBUG o.s.security.web.FilterChainProxy - Secured GET /api/cars/image/1735a0a2-2889-4b1f-89f6-86923c1e6733_fortuner.jpg
2025-06-09 15:52:26 [http-nio-8081-exec-3] DEBUG o.s.security.web.FilterChainProxy - Secured GET /api/cars/image/9166c3d1-1d94-4fdc-9fbc-aa1094671d64_thar.jpg
2025-06-09 15:52:26 [http-nio-8081-exec-2] INFO  c.c.C.controller.CarRentalController - Fetching image with filename: c4f30447-3733-4c32-aeda-781c60b85ce4_gwagon.webp
2025-06-09 15:52:26 [http-nio-8081-exec-10] DEBUG o.s.security.web.FilterChainProxy - Secured GET /api/cars/image/24d6eb00-4ded-40c4-923c-894dece03c0a_astor.jpg
2025-06-09 15:52:26 [http-nio-8081-exec-8] DEBUG o.s.security.web.FilterChainProxy - Secured GET /api/cars/image/79fa5371-3c1f-4760-84cd-59f7c73fa5e2_gwagon.webp
2025-06-09 15:52:26 [http-nio-8081-exec-6] DEBUG o.s.security.web.FilterChainProxy - Secured GET /api/cars/image/0ecea1b9-73ae-446f-a462-2c11029f4b4d_alto.webp
2025-06-09 15:52:26 [http-nio-8081-exec-3] INFO  c.c.C.controller.CarRentalController - Fetching image with filename: 9166c3d1-1d94-4fdc-9fbc-aa1094671d64_thar.jpg
2025-06-09 15:52:26 [http-nio-8081-exec-7] INFO  c.c.C.controller.CarRentalController - Fetching image with filename: 1735a0a2-2889-4b1f-89f6-86923c1e6733_fortuner.jpg
2025-06-09 15:52:26 [http-nio-8081-exec-2] INFO  c.c.C.controller.CarRentalController - Looking for image at: C:\WorkSpace\New folder\CarRental\uploads\c4f30447-3733-4c32-aeda-781c60b85ce4_gwagon.webp
2025-06-09 15:52:26 [http-nio-8081-exec-10] INFO  c.c.C.controller.CarRentalController - Fetching image with filename: 24d6eb00-4ded-40c4-923c-894dece03c0a_astor.jpg
2025-06-09 15:52:26 [http-nio-8081-exec-6] INFO  c.c.C.controller.CarRentalController - Fetching image with filename: 0ecea1b9-73ae-446f-a462-2c11029f4b4d_alto.webp
2025-06-09 15:52:26 [http-nio-8081-exec-8] INFO  c.c.C.controller.CarRentalController - Fetching image with filename: 79fa5371-3c1f-4760-84cd-59f7c73fa5e2_gwagon.webp
2025-06-09 15:52:26 [http-nio-8081-exec-7] INFO  c.c.C.controller.CarRentalController - Looking for image at: C:\WorkSpace\New folder\CarRental\uploads\1735a0a2-2889-4b1f-89f6-86923c1e6733_fortuner.jpg
2025-06-09 15:52:26 [http-nio-8081-exec-3] INFO  c.c.C.controller.CarRentalController - Looking for image at: C:\WorkSpace\New folder\CarRental\uploads\9166c3d1-1d94-4fdc-9fbc-aa1094671d64_thar.jpg
2025-06-09 15:52:26 [http-nio-8081-exec-10] INFO  c.c.C.controller.CarRentalController - Looking for image at: C:\WorkSpace\New folder\CarRental\uploads\24d6eb00-4ded-40c4-923c-894dece03c0a_astor.jpg
2025-06-09 15:52:26 [http-nio-8081-exec-8] INFO  c.c.C.controller.CarRentalController - Looking for image at: C:\WorkSpace\New folder\CarRental\uploads\79fa5371-3c1f-4760-84cd-59f7c73fa5e2_gwagon.webp
2025-06-09 15:52:26 [http-nio-8081-exec-2] INFO  c.c.C.controller.CarRentalController - Image served successfully: c4f30447-3733-4c32-aeda-781c60b85ce4_gwagon.webp
2025-06-09 15:52:26 [http-nio-8081-exec-6] INFO  c.c.C.controller.CarRentalController - Looking for image at: C:\WorkSpace\New folder\CarRental\uploads\0ecea1b9-73ae-446f-a462-2c11029f4b4d_alto.webp
2025-06-09 15:52:26 [http-nio-8081-exec-8] INFO  c.c.C.controller.CarRentalController - Image served successfully: 79fa5371-3c1f-4760-84cd-59f7c73fa5e2_gwagon.webp
2025-06-09 15:52:26 [http-nio-8081-exec-7] INFO  c.c.C.controller.CarRentalController - Image served successfully: 1735a0a2-2889-4b1f-89f6-86923c1e6733_fortuner.jpg
2025-06-09 15:52:26 [http-nio-8081-exec-3] INFO  c.c.C.controller.CarRentalController - Image served successfully: 9166c3d1-1d94-4fdc-9fbc-aa1094671d64_thar.jpg
2025-06-09 15:52:26 [http-nio-8081-exec-10] INFO  c.c.C.controller.CarRentalController - Image served successfully: 24d6eb00-4ded-40c4-923c-894dece03c0a_astor.jpg
2025-06-09 15:52:26 [http-nio-8081-exec-6] INFO  c.c.C.controller.CarRentalController - Image served successfully: 0ecea1b9-73ae-446f-a462-2c11029f4b4d_alto.webp
2025-06-09 15:52:26 [http-nio-8081-exec-9] DEBUG o.s.security.web.FilterChainProxy - Securing GET /api/cars/image/a5453773-0666-43b4-bbbe-887d1cda7220_volvo-xc90-black-side-view-wallpaper-preview.jpg
2025-06-09 15:52:26 [http-nio-8081-exec-1] DEBUG o.s.security.web.FilterChainProxy - Securing GET /api/cars/image/7c80be52-3ba6-4a55-b2a9-fe0af2246ec4_alto.jpg
2025-06-09 15:52:26 [http-nio-8081-exec-5] DEBUG o.s.security.web.FilterChainProxy - Securing GET /api/cars/image/61dff921-409c-4f26-b96c-2d66545d238f_m4.webp
2025-06-09 15:52:26 [http-nio-8081-exec-4] DEBUG o.s.security.web.FilterChainProxy - Securing GET /api/cars/image/92df5467-c53e-43ec-b545-4cc84c0718ba_alto.webp
2025-06-09 15:52:26 [http-nio-8081-exec-9] DEBUG o.s.s.w.a.AnonymousAuthenticationFilter - Set SecurityContextHolder to anonymous SecurityContext
2025-06-09 15:52:26 [http-nio-8081-exec-1] DEBUG o.s.s.w.a.AnonymousAuthenticationFilter - Set SecurityContextHolder to anonymous SecurityContext
2025-06-09 15:52:26 [http-nio-8081-exec-5] DEBUG o.s.s.w.a.AnonymousAuthenticationFilter - Set SecurityContextHolder to anonymous SecurityContext
2025-06-09 15:52:26 [http-nio-8081-exec-4] DEBUG o.s.s.w.a.AnonymousAuthenticationFilter - Set SecurityContextHolder to anonymous SecurityContext
2025-06-09 15:52:26 [http-nio-8081-exec-9] DEBUG o.s.security.web.FilterChainProxy - Secured GET /api/cars/image/a5453773-0666-43b4-bbbe-887d1cda7220_volvo-xc90-black-side-view-wallpaper-preview.jpg
2025-06-09 15:52:26 [http-nio-8081-exec-1] DEBUG o.s.security.web.FilterChainProxy - Secured GET /api/cars/image/7c80be52-3ba6-4a55-b2a9-fe0af2246ec4_alto.jpg
2025-06-09 15:52:26 [http-nio-8081-exec-5] DEBUG o.s.security.web.FilterChainProxy - Secured GET /api/cars/image/61dff921-409c-4f26-b96c-2d66545d238f_m4.webp
2025-06-09 15:52:26 [http-nio-8081-exec-4] DEBUG o.s.security.web.FilterChainProxy - Secured GET /api/cars/image/92df5467-c53e-43ec-b545-4cc84c0718ba_alto.webp
2025-06-09 15:52:26 [http-nio-8081-exec-9] INFO  c.c.C.controller.CarRentalController - Fetching image with filename: a5453773-0666-43b4-bbbe-887d1cda7220_volvo-xc90-black-side-view-wallpaper-preview.jpg
2025-06-09 15:52:26 [http-nio-8081-exec-4] INFO  c.c.C.controller.CarRentalController - Fetching image with filename: 92df5467-c53e-43ec-b545-4cc84c0718ba_alto.webp
2025-06-09 15:52:26 [http-nio-8081-exec-1] INFO  c.c.C.controller.CarRentalController - Fetching image with filename: 7c80be52-3ba6-4a55-b2a9-fe0af2246ec4_alto.jpg
2025-06-09 15:52:26 [http-nio-8081-exec-5] INFO  c.c.C.controller.CarRentalController - Fetching image with filename: 61dff921-409c-4f26-b96c-2d66545d238f_m4.webp
2025-06-09 15:52:26 [http-nio-8081-exec-5] INFO  c.c.C.controller.CarRentalController - Looking for image at: C:\WorkSpace\New folder\CarRental\uploads\61dff921-409c-4f26-b96c-2d66545d238f_m4.webp
2025-06-09 15:52:26 [http-nio-8081-exec-5] INFO  c.c.C.controller.CarRentalController - Image served successfully: 61dff921-409c-4f26-b96c-2d66545d238f_m4.webp
2025-06-09 15:52:26 [http-nio-8081-exec-9] INFO  c.c.C.controller.CarRentalController - Looking for image at: C:\WorkSpace\New folder\CarRental\uploads\a5453773-0666-43b4-bbbe-887d1cda7220_volvo-xc90-black-side-view-wallpaper-preview.jpg
2025-06-09 15:52:26 [http-nio-8081-exec-9] INFO  c.c.C.controller.CarRentalController - Image served successfully: a5453773-0666-43b4-bbbe-887d1cda7220_volvo-xc90-black-side-view-wallpaper-preview.jpg
2025-06-09 15:52:26 [http-nio-8081-exec-4] INFO  c.c.C.controller.CarRentalController - Looking for image at: C:\WorkSpace\New folder\CarRental\uploads\92df5467-c53e-43ec-b545-4cc84c0718ba_alto.webp
2025-06-09 15:52:26 [http-nio-8081-exec-4] INFO  c.c.C.controller.CarRentalController - Image served successfully: 92df5467-c53e-43ec-b545-4cc84c0718ba_alto.webp
2025-06-09 15:52:26 [http-nio-8081-exec-1] INFO  c.c.C.controller.CarRentalController - Looking for image at: C:\WorkSpace\New folder\CarRental\uploads\7c80be52-3ba6-4a55-b2a9-fe0af2246ec4_alto.jpg
2025-06-09 15:52:26 [http-nio-8081-exec-1] INFO  c.c.C.controller.CarRentalController - Image served successfully: 7c80be52-3ba6-4a55-b2a9-fe0af2246ec4_alto.jpg
2025-06-09 15:52:31 [http-nio-8081-exec-2] DEBUG o.s.security.web.FilterChainProxy - Securing OPTIONS /api/cars
2025-06-09 15:52:31 [http-nio-8081-exec-8] DEBUG o.s.security.web.FilterChainProxy - Securing GET /api/cars
2025-06-09 15:52:31 [http-nio-8081-exec-8] INFO  c.c.C.config.MyUserDetailsService - User found: Agrim
2025-06-09 15:52:31 [http-nio-8081-exec-8] INFO  c.c.CarService.config.UserPrinciple - UserPrinciple created for user: Agrim
2025-06-09 15:52:31 [http-nio-8081-exec-8] INFO  c.c.CarService.config.JwtUtils - Validating token for user 'Agrim': VALID
2025-06-09 15:52:31 [http-nio-8081-exec-8] INFO  c.c.C.config.JwtAuthenticationFilter - JWT token is valid. Setting authentication for user: Agrim
2025-06-09 15:52:31 [http-nio-8081-exec-8] DEBUG o.s.security.web.FilterChainProxy - Secured GET /api/cars
2025-06-09 15:52:31 [http-nio-8081-exec-8] INFO  c.c.C.controller.CarRentalController - Fetching all available cars...
2025-06-09 15:52:31 [http-nio-8081-exec-8] INFO  c.c.C.service.CarRentalService - Fetching all available cars...
2025-06-09 15:52:31 [http-nio-8081-exec-8] INFO  c.c.C.service.CarRentalService - Found 10 available cars
2025-06-09 15:52:31 [http-nio-8081-exec-8] INFO  c.c.C.controller.CarRentalController - Successfully fetched 10 available cars
2025-06-09 15:52:38 [http-nio-8081-exec-7] DEBUG o.s.security.web.FilterChainProxy - Securing OPTIONS /api/bookings
2025-06-09 15:52:38 [http-nio-8081-exec-3] DEBUG o.s.security.web.FilterChainProxy - Securing POST /api/bookings
2025-06-09 15:52:38 [http-nio-8081-exec-3] INFO  c.c.C.config.MyUserDetailsService - User found: Agrim
2025-06-09 15:52:38 [http-nio-8081-exec-3] INFO  c.c.CarService.config.UserPrinciple - UserPrinciple created for user: Agrim
2025-06-09 15:52:38 [http-nio-8081-exec-3] INFO  c.c.CarService.config.JwtUtils - Validating token for user 'Agrim': VALID
2025-06-09 15:52:38 [http-nio-8081-exec-3] INFO  c.c.C.config.JwtAuthenticationFilter - JWT token is valid. Setting authentication for user: Agrim
2025-06-09 15:52:38 [http-nio-8081-exec-3] DEBUG o.s.security.web.FilterChainProxy - Secured POST /api/bookings
2025-06-09 15:52:38 [http-nio-8081-exec-3] INFO  c.c.C.controller.CarRentalController - Booking request received for car ID: 11
2025-06-09 15:52:38 [http-nio-8081-exec-3] INFO  c.c.C.service.CarRentalService - Booking request received for car ID: 11
2025-06-09 15:52:38 [http-nio-8081-exec-3] INFO  c.c.C.service.CarRentalService - Booking saved with ID: 20
2025-06-09 15:52:38 [http-nio-8081-exec-3] INFO  c.c.C.service.CarRentalService - Booking event sent for booking ID: 20
2025-06-09 15:52:38 [http-nio-8081-exec-3] INFO  c.c.C.controller.CarRentalController - Booking successful with ID: 20
2025-06-09 15:52:38 [http-nio-8081-exec-10] DEBUG o.s.security.web.FilterChainProxy - Securing GET /api/bookings
2025-06-09 15:52:38 [http-nio-8081-exec-10] INFO  c.c.C.config.MyUserDetailsService - User found: Agrim
2025-06-09 15:52:38 [http-nio-8081-exec-10] INFO  c.c.CarService.config.UserPrinciple - UserPrinciple created for user: Agrim
2025-06-09 15:52:38 [http-nio-8081-exec-10] INFO  c.c.CarService.config.JwtUtils - Validating token for user 'Agrim': VALID
2025-06-09 15:52:38 [http-nio-8081-exec-10] INFO  c.c.C.config.JwtAuthenticationFilter - JWT token is valid. Setting authentication for user: Agrim
2025-06-09 15:52:38 [http-nio-8081-exec-10] DEBUG o.s.security.web.FilterChainProxy - Secured GET /api/bookings
2025-06-09 15:52:38 [http-nio-8081-exec-10] INFO  c.c.C.controller.CarRentalController - Fetching all bookings...
2025-06-09 15:52:38 [http-nio-8081-exec-10] INFO  c.c.C.service.CarRentalService - Fetching all bookings...
2025-06-09 15:52:38 [http-nio-8081-exec-10] INFO  c.c.C.service.CarRentalService - Found 3 bookings
2025-06-09 15:52:38 [http-nio-8081-exec-10] INFO  c.c.C.controller.CarRentalController - Fetched 3 bookings
2025-06-09 17:12:17 [HikariPool-1:housekeeper] WARN  com.zaxxer.hikari.pool.HikariPool - HikariPool-1 - Thread starvation or clock leap detected (housekeeper delta=19m57s426ms398µs100ns).
2025-06-09 17:14:39 [SpringApplicationShutdownHook] INFO  o.s.b.w.e.tomcat.GracefulShutdown - Commencing graceful shutdown. Waiting for active requests to complete
2025-06-09 17:14:39 [tomcat-shutdown] INFO  o.s.b.w.e.tomcat.GracefulShutdown - Graceful shutdown complete
2025-06-09 17:14:39 [SpringApplicationShutdownHook] INFO  o.s.o.j.LocalContainerEntityManagerFactoryBean - Closing JPA EntityManagerFactory for persistence unit 'default'
2025-06-09 17:14:39 [SpringApplicationShutdownHook] INFO  com.zaxxer.hikari.HikariDataSource - HikariPool-1 - Shutdown initiated...
2025-06-09 17:14:39 [SpringApplicationShutdownHook] INFO  com.zaxxer.hikari.HikariDataSource - HikariPool-1 - Shutdown completed.
2025-06-09 17:47:37 [main] INFO  c.c.C.CarServiceApplicationTests - Starting CarServiceApplicationTests using Java 21.0.6 with PID 27216 (started by 10827643 in C:\WorkSpace\New folder\CarRental\CarService)
2025-06-09 17:47:37 [main] INFO  c.c.C.CarServiceApplicationTests - No active profile set, falling back to 1 default profile: "default"
2025-06-09 17:47:39 [main] INFO  o.s.d.r.c.RepositoryConfigurationDelegate - Bootstrapping Spring Data JPA repositories in DEFAULT mode.
2025-06-09 17:47:39 [main] INFO  o.s.d.r.c.RepositoryConfigurationDelegate - Finished Spring Data repository scanning in 157 ms. Found 3 JPA repository interfaces.
2025-06-09 17:47:40 [main] INFO  o.h.jpa.internal.util.LogHelper - HHH000204: Processing PersistenceUnitInfo [name: default]
2025-06-09 17:47:40 [main] INFO  org.hibernate.Version - HHH000412: Hibernate ORM core version 6.6.15.Final
2025-06-09 17:47:40 [main] INFO  o.h.c.i.RegionFactoryInitiator - HHH000026: Second-level cache disabled
2025-06-09 17:47:41 [main] INFO  o.s.o.j.p.SpringPersistenceUnitInfo - No LoadTimeWeaver setup: ignoring JPA class transformer
2025-06-09 17:47:41 [main] INFO  com.zaxxer.hikari.HikariDataSource - HikariPool-1 - Starting...
2025-06-09 17:47:42 [main] INFO  com.zaxxer.hikari.pool.HikariPool - HikariPool-1 - Added connection org.postgresql.jdbc.PgConnection@484a5ddd
2025-06-09 17:47:42 [main] INFO  com.zaxxer.hikari.HikariDataSource - HikariPool-1 - Start completed.
2025-06-09 17:47:42 [main] WARN  org.hibernate.orm.deprecation - HHH90000025: PostgreSQLDialect does not need to be specified explicitly using 'hibernate.dialect' (remove the property setting and it will be selected by default)
2025-06-09 17:47:42 [main] INFO  o.hibernate.orm.connections.pooling - HHH10001005: Database info:
	Database JDBC URL [Connecting through datasource 'HikariDataSource (HikariPool-1)']
	Database driver: undefined/unknown
	Database version: 17.3
	Autocommit mode: undefined/unknown
	Isolation level: undefined/unknown
	Minimum pool size: undefined/unknown
	Maximum pool size: undefined/unknown
2025-06-09 17:47:42 [main] DEBUG o.h.t.d.sql.spi.DdlTypeRegistry - addDescriptor(2003, org.hibernate.type.descriptor.sql.internal.ArrayDdlTypeImpl@1ead3c67) replaced previous registration(org.hibernate.type.descriptor.sql.internal.ArrayDdlTypeImpl@5e2b512b)
2025-06-09 17:47:42 [main] DEBUG o.h.t.d.sql.spi.DdlTypeRegistry - addDescriptor(6, org.hibernate.type.descriptor.sql.internal.CapacityDependentDdlType@ba87c11) replaced previous registration(org.hibernate.type.descriptor.sql.internal.DdlTypeImpl@17d19538)
2025-06-09 17:47:43 [main] INFO  o.h.e.t.j.p.i.JtaPlatformInitiator - HHH000489: No JTA platform available (set 'hibernate.transaction.jta.platform' to enable JTA platform integration)
2025-06-09 17:47:43 [main] INFO  o.s.o.j.LocalContainerEntityManagerFactoryBean - Initialized JPA EntityManagerFactory for persistence unit 'default'
2025-06-09 17:47:44 [main] INFO  c.c.CarService.config.SecurityConfig - Initializing PasswordEncoder (BCrypt)
2025-06-09 17:47:44 [main] INFO  c.c.CarService.config.SecurityConfig - Configuring DaoAuthenticationProvider
2025-06-09 17:47:44 [main] INFO  o.s.s.c.a.a.c.InitializeAuthenticationProviderBeanManagerConfigurer$InitializeAuthenticationProviderManagerConfigurer - Global AuthenticationManager configured with AuthenticationProvider bean with name authenticationProvider
2025-06-09 17:47:44 [main] WARN  o.s.s.c.a.a.c.InitializeUserDetailsBeanManagerConfigurer$InitializeUserDetailsManagerConfigurer - Global AuthenticationManager configured with an AuthenticationProvider bean. UserDetailsService beans will not be used by Spring Security for automatically configuring username/password login. Consider removing the AuthenticationProvider bean. Alternatively, consider using the UserDetailsService in a manually instantiated DaoAuthenticationProvider. If the current configuration is intentional, to turn off this warning, increase the logging level of 'org.springframework.security.config.annotation.authentication.configuration.InitializeUserDetailsBeanManagerConfigurer' to ERROR
2025-06-09 17:47:44 [main] INFO  o.s.d.j.r.query.QueryEnhancerFactory - Hibernate is in classpath; If applicable, HQL parser will be used.
2025-06-09 17:47:45 [main] WARN  o.s.b.a.o.j.JpaBaseConfiguration$JpaWebConfiguration - spring.jpa.open-in-view is enabled by default. Therefore, database queries may be performed during view rendering. Explicitly configure spring.jpa.open-in-view to disable this warning
2025-06-09 17:47:45 [main] INFO  c.c.CarService.config.SecurityConfig - Configuring SecurityFilterChain
2025-06-09 17:47:45 [main] INFO  c.c.CarService.config.WebConfig - Configuring resource handler for '/uploads/**' to serve from 'file:uploads/'
2025-06-09 17:47:46 [main] INFO  o.s.b.a.e.web.EndpointLinksResolver - Exposing 14 endpoints beneath base path '/actuator'
2025-06-09 17:47:46 [main] INFO  c.c.CarService.config.SecurityConfig - Setting up CORS configuration
2025-06-09 17:47:46 [main] DEBUG o.s.s.web.DefaultSecurityFilterChain - Will secure any request with filters: DisableEncodeUrlFilter, WebAsyncManagerIntegrationFilter, SecurityContextHolderFilter, HeaderWriterFilter, CorsFilter, LogoutFilter, JwtAuthenticationFilter, RequestCacheAwareFilter, SecurityContextHolderAwareRequestFilter, AnonymousAuthenticationFilter, SessionManagementFilter, ExceptionTranslationFilter, AuthorizationFilter
2025-06-09 17:47:46 [main] INFO  c.c.CarService.config.WebConfig - Initializing StandardServletMultipartResolver
2025-06-09 17:47:46 [main] INFO  o.s.v.b.OptionalValidatorFactoryBean - Failed to set up a Bean Validation provider: jakarta.validation.NoProviderFoundException: Unable to create a Configuration, because no Jakarta Bean Validation provider could be found. Add a provider like Hibernate Validator (RI) to your classpath.
2025-06-09 17:47:47 [main] INFO  c.c.C.CarServiceApplicationTests - Started CarServiceApplicationTests in 10.977 seconds (process running for 12.736)
2025-06-09 17:47:47 [registrationTask1] ERROR o.s.s.s.TaskUtils$LoggingErrorHandler - Unexpected error occurred in scheduled task
java.lang.IllegalStateException: couldn't determine local port. Please set spring.boot.admin.client.instance.service-base-url.
	at de.codecentric.boot.admin.client.registration.DefaultApplicationFactory.getLocalServerPort(DefaultApplicationFactory.java:205)
	at de.codecentric.boot.admin.client.registration.DefaultApplicationFactory.getServiceBaseUrl(DefaultApplicationFactory.java:109)
	at de.codecentric.boot.admin.client.registration.ServletApplicationFactory.getServiceUrl(ServletApplicationFactory.java:62)
	at de.codecentric.boot.admin.client.registration.ServletApplicationFactory.getManagementBaseUrl(ServletApplicationFactory.java:77)
	at de.codecentric.boot.admin.client.registration.DefaultApplicationFactory.getHealthUrl(DefaultApplicationFactory.java:165)
	at de.codecentric.boot.admin.client.registration.DefaultApplicationFactory.createApplication(DefaultApplicationFactory.java:80)
	at de.codecentric.boot.admin.client.registration.DefaultApplicationRegistrator.register(DefaultApplicationRegistrator.java:56)
	at org.springframework.scheduling.support.DelegatingErrorHandlingRunnable.run(DelegatingErrorHandlingRunnable.java:54)
	at java.base/java.util.concurrent.Executors$RunnableAdapter.call(Executors.java:572)
	at java.base/java.util.concurrent.FutureTask.runAndReset(FutureTask.java:358)
	at java.base/java.util.concurrent.ScheduledThreadPoolExecutor$ScheduledFutureTask.run(ScheduledThreadPoolExecutor.java:305)
	at java.base/java.util.concurrent.ThreadPoolExecutor.runWorker(ThreadPoolExecutor.java:1144)
	at java.base/java.util.concurrent.ThreadPoolExecutor$Worker.run(ThreadPoolExecutor.java:642)
	at java.base/java.lang.Thread.run(Thread.java:1583)
2025-06-09 17:47:48 [SpringApplicationShutdownHook] INFO  o.s.o.j.LocalContainerEntityManagerFactoryBean - Closing JPA EntityManagerFactory for persistence unit 'default'
2025-06-09 17:47:48 [SpringApplicationShutdownHook] INFO  com.zaxxer.hikari.HikariDataSource - HikariPool-1 - Shutdown initiated...
2025-06-09 17:47:48 [SpringApplicationShutdownHook] INFO  com.zaxxer.hikari.HikariDataSource - HikariPool-1 - Shutdown completed.
