2025-06-10 14:57:09 [main] INFO  c.c.C.CarListnerServiceApplication - Starting CarListnerServiceApplication using Java 21.0.6 with PID 20808 (C:\WorkSpace\New folder\CarRental\CarListnerService\target\classes started by 10827643 in C:\WorkSpace\New folder\CarRental\CarListnerService)
2025-06-10 14:57:09 [main] INFO  c.c.C.CarListnerServiceApplication - No active profile set, falling back to 1 default profile: "default"
2025-06-10 14:57:11 [main] INFO  o.s.d.r.c.RepositoryConfigurationDelegate - Bootstrapping Spring Data JPA repositories in DEFAULT mode.
2025-06-10 14:57:11 [main] INFO  o.s.d.r.c.RepositoryConfigurationDelegate - Finished Spring Data repository scanning in 74 ms. Found 2 JPA repository interfaces.
2025-06-10 14:57:12 [main] INFO  o.s.b.w.e.tomcat.TomcatWebServer - Tomcat initialized with port 8082 (http)
2025-06-10 14:57:12 [main] INFO  o.a.coyote.http11.Http11NioProtocol - Initializing ProtocolHandler ["http-nio-8082"]
2025-06-10 14:57:12 [main] INFO  o.a.catalina.core.StandardService - Starting service [Tomcat]
2025-06-10 14:57:12 [main] INFO  o.a.catalina.core.StandardEngine - Starting Servlet engine: [Apache Tomcat/10.1.41]
2025-06-10 14:57:12 [main] INFO  o.a.c.c.C.[Tomcat].[localhost].[/] - Initializing Spring embedded WebApplicationContext
2025-06-10 14:57:12 [main] INFO  o.s.b.w.s.c.ServletWebServerApplicationContext - Root WebApplicationContext: initialization completed in 2517 ms
2025-06-10 14:57:12 [main] INFO  o.h.jpa.internal.util.LogHelper - HHH000204: Processing PersistenceUnitInfo [name: default]
2025-06-10 14:57:12 [main] INFO  org.hibernate.Version - HHH000412: Hibernate ORM core version 6.6.15.Final
2025-06-10 14:57:12 [main] INFO  o.h.c.i.RegionFactoryInitiator - HHH000026: Second-level cache disabled
2025-06-10 14:57:13 [main] INFO  o.s.o.j.p.SpringPersistenceUnitInfo - No LoadTimeWeaver setup: ignoring JPA class transformer
2025-06-10 14:57:13 [main] INFO  com.zaxxer.hikari.HikariDataSource - HikariPool-1 - Starting...
2025-06-10 14:57:13 [main] INFO  com.zaxxer.hikari.pool.HikariPool - HikariPool-1 - Added connection org.postgresql.jdbc.PgConnection@62b42406
2025-06-10 14:57:13 [main] INFO  com.zaxxer.hikari.HikariDataSource - HikariPool-1 - Start completed.
2025-06-10 14:57:13 [main] WARN  org.hibernate.orm.deprecation - HHH90000025: PostgreSQLDialect does not need to be specified explicitly using 'hibernate.dialect' (remove the property setting and it will be selected by default)
2025-06-10 14:57:13 [main] INFO  o.hibernate.orm.connections.pooling - HHH10001005: Database info:
	Database JDBC URL [Connecting through datasource 'HikariDataSource (HikariPool-1)']
	Database driver: undefined/unknown
	Database version: 17.3
	Autocommit mode: undefined/unknown
	Isolation level: undefined/unknown
	Minimum pool size: undefined/unknown
	Maximum pool size: undefined/unknown
2025-06-10 14:57:15 [main] INFO  o.h.e.t.j.p.i.JtaPlatformInitiator - HHH000489: No JTA platform available (set 'hibernate.transaction.jta.platform' to enable JTA platform integration)
2025-06-10 14:57:15 [main] INFO  o.s.o.j.LocalContainerEntityManagerFactoryBean - Initialized JPA EntityManagerFactory for persistence unit 'default'
2025-06-10 14:57:16 [main] WARN  o.s.b.a.o.j.JpaBaseConfiguration$JpaWebConfiguration - spring.jpa.open-in-view is enabled by default. Therefore, database queries may be performed during view rendering. Explicitly configure spring.jpa.open-in-view to disable this warning
2025-06-10 14:57:17 [main] INFO  o.s.b.a.e.web.EndpointLinksResolver - Exposing 14 endpoints beneath base path '/actuator'
2025-06-10 14:57:17 [main] INFO  o.a.coyote.http11.Http11NioProtocol - Starting ProtocolHandler ["http-nio-8082"]
2025-06-10 14:57:17 [main] INFO  o.s.b.w.e.tomcat.TomcatWebServer - Tomcat started on port 8082 (http) with context path '/'
2025-06-10 14:57:17 [main] INFO  c.c.C.CarListnerServiceApplication - Started CarListnerServiceApplication in 9.445 seconds (process running for 10.396)
2025-06-10 14:57:17 [org.springframework.jms.JmsListenerEndpointContainer#0-1] INFO  c.c.C.service.BookingEventListener - 📥 Received Booking Event: BookingEvent(bookingId=2, carId=1, customerName=Padam, customerEmail=bikkfitness@gmail.com, startDate=2025-06-24, endDate=2025-06-24, totalAmount=999.0, carBrand=Mercedes, carModel=G-Wagon, pricePerDay=999.0)
2025-06-10 14:57:17 [org.springframework.jms.JmsListenerEndpointContainer#1-1] INFO  c.c.C.service.CarEventListener - 📥 Received Car Event: CarEvent(carId=2, brand=Mercedes, model=G-Wagon, available=true, pricePerDay=5999.0)
2025-06-10 14:57:18 [org.springframework.jms.JmsListenerEndpointContainer#0-1] INFO  c.c.C.service.BookingEventListener - ✅ Booking event saved to database.
2025-06-10 14:57:18 [org.springframework.jms.JmsListenerEndpointContainer#1-1] INFO  c.c.C.service.CarEventListener - ✅ Car event saved to database.
2025-06-10 14:57:18 [org.springframework.jms.JmsListenerEndpointContainer#1-1] INFO  c.c.C.service.CarEventListener - 📥 Received Car Event: CarEvent(carId=3, brand=BMW, model=X7, available=true, pricePerDay=7999.0)
2025-06-10 14:57:18 [org.springframework.jms.JmsListenerEndpointContainer#1-1] INFO  c.c.C.service.CarEventListener - ✅ Car event saved to database.
2025-06-10 14:57:19 [org.springframework.jms.JmsListenerEndpointContainer#0-1] ERROR c.c.C.service.BookingEventListener - ❌ Failed to send booking confirmation email.
org.springframework.mail.MailSendException: Mail server connection failed. Failed messages: jakarta.mail.MessagingException: Could not convert socket to TLS;
  nested exception is:
	java.net.SocketException: Connection reset
	at org.springframework.mail.javamail.JavaMailSenderImpl.doSend(JavaMailSenderImpl.java:410)
	at org.springframework.mail.javamail.JavaMailSenderImpl.send(JavaMailSenderImpl.java:350)
	at org.springframework.mail.javamail.JavaMailSender.send(JavaMailSender.java:101)
	at com.carrental.CarListnerService.service.EmailService.sendBookingConfirmation(EmailService.java:42)
	at com.carrental.CarListnerService.service.BookingEventListener.handleBookingEvent(BookingEventListener.java:43)
	at java.base/jdk.internal.reflect.DirectMethodHandleAccessor.invoke(DirectMethodHandleAccessor.java:103)
	at java.base/java.lang.reflect.Method.invoke(Method.java:580)
	at org.springframework.messaging.handler.invocation.InvocableHandlerMethod.doInvoke(InvocableHandlerMethod.java:169)
	at org.springframework.messaging.handler.invocation.InvocableHandlerMethod.invoke(InvocableHandlerMethod.java:119)
	at org.springframework.jms.listener.adapter.MessagingMessageListenerAdapter.invokeHandler(MessagingMessageListenerAdapter.java:110)
	at org.springframework.jms.listener.adapter.MessagingMessageListenerAdapter.onMessage(MessagingMessageListenerAdapter.java:84)
	at org.springframework.jms.listener.AbstractMessageListenerContainer.doInvokeListener(AbstractMessageListenerContainer.java:819)
	at org.springframework.jms.listener.AbstractMessageListenerContainer.invokeListener(AbstractMessageListenerContainer.java:776)
	at org.springframework.jms.listener.AbstractMessageListenerContainer.doExecuteListener(AbstractMessageListenerContainer.java:754)
	at org.springframework.jms.listener.AbstractPollingMessageListenerContainer.doReceiveAndExecute(AbstractPollingMessageListenerContainer.java:333)
	at org.springframework.jms.listener.AbstractPollingMessageListenerContainer.receiveAndExecute(AbstractPollingMessageListenerContainer.java:270)
	at org.springframework.jms.listener.DefaultMessageListenerContainer$AsyncMessageListenerInvoker.invokeListener(DefaultMessageListenerContainer.java:1420)
	at org.springframework.jms.listener.DefaultMessageListenerContainer$AsyncMessageListenerInvoker.executeOngoingLoop(DefaultMessageListenerContainer.java:1410)
	at org.springframework.jms.listener.DefaultMessageListenerContainer$AsyncMessageListenerInvoker.run(DefaultMessageListenerContainer.java:1287)
	at java.base/java.lang.Thread.run(Thread.java:1583)
Caused by: jakarta.mail.MessagingException: Could not convert socket to TLS
	at org.eclipse.angus.mail.smtp.SMTPTransport.startTLS(SMTPTransport.java:2173)
	at org.eclipse.angus.mail.smtp.SMTPTransport.protocolConnect(SMTPTransport.java:741)
	at jakarta.mail.Service.connect(Service.java:345)
	at org.springframework.mail.javamail.JavaMailSenderImpl.connectTransport(JavaMailSenderImpl.java:480)
	at org.springframework.mail.javamail.JavaMailSenderImpl.doSend(JavaMailSenderImpl.java:399)
	... 19 common frames omitted
Caused by: java.net.SocketException: Connection reset
	at java.base/sun.nio.ch.NioSocketImpl.implRead(NioSocketImpl.java:318)
	at java.base/sun.nio.ch.NioSocketImpl.read(NioSocketImpl.java:346)
	at java.base/sun.nio.ch.NioSocketImpl$1.read(NioSocketImpl.java:796)
	at java.base/java.net.Socket$SocketInputStream.read(Socket.java:1099)
	at java.base/sun.security.ssl.SSLSocketInputRecord.read(SSLSocketInputRecord.java:489)
	at java.base/sun.security.ssl.SSLSocketInputRecord.readHeader(SSLSocketInputRecord.java:483)
	at java.base/sun.security.ssl.SSLSocketInputRecord.decode(SSLSocketInputRecord.java:160)
	at java.base/sun.security.ssl.SSLTransport.decode(SSLTransport.java:111)
	at java.base/sun.security.ssl.SSLSocketImpl.decode(SSLSocketImpl.java:1506)
	at java.base/sun.security.ssl.SSLSocketImpl.readHandshakeRecord(SSLSocketImpl.java:1421)
	at java.base/sun.security.ssl.SSLSocketImpl.startHandshake(SSLSocketImpl.java:455)
	at java.base/sun.security.ssl.SSLSocketImpl.startHandshake(SSLSocketImpl.java:426)
	at org.eclipse.angus.mail.util.SocketFetcher.configureSSLSocket(SocketFetcher.java:662)
	at org.eclipse.angus.mail.util.SocketFetcher.startTLS(SocketFetcher.java:563)
	at org.eclipse.angus.mail.smtp.SMTPTransport.startTLS(SMTPTransport.java:2168)
	... 23 common frames omitted
2025-06-10 15:01:00 [org.springframework.jms.JmsListenerEndpointContainer#1-1] INFO  c.c.C.service.CarEventListener - 📥 Received Car Event: CarEvent(carId=1, brand=BMW, model=X7, available=true, pricePerDay=8999.0)
2025-06-10 15:01:00 [org.springframework.jms.JmsListenerEndpointContainer#1-1] INFO  c.c.C.service.CarEventListener - ✅ Car event saved to database.
2025-06-10 15:02:33 [org.springframework.jms.JmsListenerEndpointContainer#1-1] INFO  c.c.C.service.CarEventListener - 📥 Received Car Event: CarEvent(carId=2, brand=Volvo, model=XC-90, available=true, pricePerDay=9999.0)
2025-06-10 15:02:33 [org.springframework.jms.JmsListenerEndpointContainer#1-1] INFO  c.c.C.service.CarEventListener - ✅ Car event saved to database.
2025-06-10 15:03:23 [org.springframework.jms.JmsListenerEndpointContainer#1-1] INFO  c.c.C.service.CarEventListener - 📥 Received Car Event: CarEvent(carId=3, brand=Mercedes, model=AMG-G63, available=true, pricePerDay=11999.0)
2025-06-10 15:03:23 [org.springframework.jms.JmsListenerEndpointContainer#1-1] INFO  c.c.C.service.CarEventListener - ✅ Car event saved to database.
2025-06-10 15:04:38 [org.springframework.jms.JmsListenerEndpointContainer#1-1] INFO  c.c.C.service.CarEventListener - 📥 Received Car Event: CarEvent(carId=4, brand=Mahindra, model=Thar, available=true, pricePerDay=2999.0)
2025-06-10 15:04:38 [org.springframework.jms.JmsListenerEndpointContainer#1-1] INFO  c.c.C.service.CarEventListener - ✅ Car event saved to database.
2025-06-10 15:05:58 [org.springframework.jms.JmsListenerEndpointContainer#1-1] INFO  c.c.C.service.CarEventListener - 📥 Received Car Event: CarEvent(carId=5, brand=BMW, model=M4, available=true, pricePerDay=6999.0)
2025-06-10 15:05:58 [org.springframework.jms.JmsListenerEndpointContainer#1-1] INFO  c.c.C.service.CarEventListener - ✅ Car event saved to database.
2025-06-10 15:06:22 [org.springframework.jms.JmsListenerEndpointContainer#1-1] INFO  c.c.C.service.CarEventListener - 📥 Received Car Event: CarEvent(carId=6, brand=MG, model=Astor, available=true, pricePerDay=2999.0)
2025-06-10 15:06:22 [org.springframework.jms.JmsListenerEndpointContainer#1-1] INFO  c.c.C.service.CarEventListener - ✅ Car event saved to database.
2025-06-10 15:08:39 [org.springframework.jms.JmsListenerEndpointContainer#1-1] INFO  c.c.C.service.CarEventListener - 📥 Received Car Event: CarEvent(carId=7, brand=Toyota, model=Fortuner, available=true, pricePerDay=4999.0)
2025-06-10 15:08:39 [org.springframework.jms.JmsListenerEndpointContainer#1-1] INFO  c.c.C.service.CarEventListener - ✅ Car event saved to database.
2025-06-10 15:09:53 [org.springframework.jms.JmsListenerEndpointContainer#1-1] INFO  c.c.C.service.CarEventListener - 📥 Received Car Event: CarEvent(carId=8, brand=Mercedes, model=G-Wagon, available=true, pricePerDay=8999.0)
2025-06-10 15:09:53 [org.springframework.jms.JmsListenerEndpointContainer#1-1] INFO  c.c.C.service.CarEventListener - ✅ Car event saved to database.
2025-06-10 15:12:28 [org.springframework.jms.JmsListenerEndpointContainer#0-1] INFO  c.c.C.service.BookingEventListener - 📥 Received Booking Event: BookingEvent(bookingId=1, carId=6, customerName=Bhawesh Sharma, customerEmail=bikkujangid@gmail.com, startDate=2025-06-25, endDate=2025-06-26, totalAmount=5998.0, carBrand=MG, carModel=Astor, pricePerDay=2999.0)
2025-06-10 15:12:28 [org.springframework.jms.JmsListenerEndpointContainer#0-1] INFO  c.c.C.service.BookingEventListener - ✅ Booking event saved to database.
2025-06-10 15:12:30 [org.springframework.jms.JmsListenerEndpointContainer#0-1] ERROR c.c.C.service.BookingEventListener - ❌ Failed to send booking confirmation email.
org.springframework.mail.MailSendException: Mail server connection failed. Failed messages: jakarta.mail.MessagingException: Could not convert socket to TLS;
  nested exception is:
	java.net.SocketException: Connection reset
	at org.springframework.mail.javamail.JavaMailSenderImpl.doSend(JavaMailSenderImpl.java:410)
	at org.springframework.mail.javamail.JavaMailSenderImpl.send(JavaMailSenderImpl.java:350)
	at org.springframework.mail.javamail.JavaMailSender.send(JavaMailSender.java:101)
	at com.carrental.CarListnerService.service.EmailService.sendBookingConfirmation(EmailService.java:42)
	at com.carrental.CarListnerService.service.BookingEventListener.handleBookingEvent(BookingEventListener.java:43)
	at java.base/jdk.internal.reflect.DirectMethodHandleAccessor.invoke(DirectMethodHandleAccessor.java:103)
	at java.base/java.lang.reflect.Method.invoke(Method.java:580)
	at org.springframework.messaging.handler.invocation.InvocableHandlerMethod.doInvoke(InvocableHandlerMethod.java:169)
	at org.springframework.messaging.handler.invocation.InvocableHandlerMethod.invoke(InvocableHandlerMethod.java:119)
	at org.springframework.jms.listener.adapter.MessagingMessageListenerAdapter.invokeHandler(MessagingMessageListenerAdapter.java:110)
	at org.springframework.jms.listener.adapter.MessagingMessageListenerAdapter.onMessage(MessagingMessageListenerAdapter.java:84)
	at org.springframework.jms.listener.AbstractMessageListenerContainer.doInvokeListener(AbstractMessageListenerContainer.java:819)
	at org.springframework.jms.listener.AbstractMessageListenerContainer.invokeListener(AbstractMessageListenerContainer.java:776)
	at org.springframework.jms.listener.AbstractMessageListenerContainer.doExecuteListener(AbstractMessageListenerContainer.java:754)
	at org.springframework.jms.listener.AbstractPollingMessageListenerContainer.doReceiveAndExecute(AbstractPollingMessageListenerContainer.java:333)
	at org.springframework.jms.listener.AbstractPollingMessageListenerContainer.receiveAndExecute(AbstractPollingMessageListenerContainer.java:270)
	at org.springframework.jms.listener.DefaultMessageListenerContainer$AsyncMessageListenerInvoker.invokeListener(DefaultMessageListenerContainer.java:1420)
	at org.springframework.jms.listener.DefaultMessageListenerContainer$AsyncMessageListenerInvoker.executeOngoingLoop(DefaultMessageListenerContainer.java:1410)
	at org.springframework.jms.listener.DefaultMessageListenerContainer$AsyncMessageListenerInvoker.run(DefaultMessageListenerContainer.java:1287)
	at java.base/java.lang.Thread.run(Thread.java:1583)
Caused by: jakarta.mail.MessagingException: Could not convert socket to TLS
	at org.eclipse.angus.mail.smtp.SMTPTransport.startTLS(SMTPTransport.java:2173)
	at org.eclipse.angus.mail.smtp.SMTPTransport.protocolConnect(SMTPTransport.java:741)
	at jakarta.mail.Service.connect(Service.java:345)
	at org.springframework.mail.javamail.JavaMailSenderImpl.connectTransport(JavaMailSenderImpl.java:480)
	at org.springframework.mail.javamail.JavaMailSenderImpl.doSend(JavaMailSenderImpl.java:399)
	... 19 common frames omitted
Caused by: java.net.SocketException: Connection reset
	at java.base/sun.nio.ch.NioSocketImpl.implRead(NioSocketImpl.java:318)
	at java.base/sun.nio.ch.NioSocketImpl.read(NioSocketImpl.java:346)
	at java.base/sun.nio.ch.NioSocketImpl$1.read(NioSocketImpl.java:796)
	at java.base/java.net.Socket$SocketInputStream.read(Socket.java:1099)
	at java.base/sun.security.ssl.SSLSocketInputRecord.read(SSLSocketInputRecord.java:489)
	at java.base/sun.security.ssl.SSLSocketInputRecord.readHeader(SSLSocketInputRecord.java:483)
	at java.base/sun.security.ssl.SSLSocketInputRecord.decode(SSLSocketInputRecord.java:160)
	at java.base/sun.security.ssl.SSLTransport.decode(SSLTransport.java:111)
	at java.base/sun.security.ssl.SSLSocketImpl.decode(SSLSocketImpl.java:1506)
	at java.base/sun.security.ssl.SSLSocketImpl.readHandshakeRecord(SSLSocketImpl.java:1421)
	at java.base/sun.security.ssl.SSLSocketImpl.startHandshake(SSLSocketImpl.java:455)
	at java.base/sun.security.ssl.SSLSocketImpl.startHandshake(SSLSocketImpl.java:426)
	at org.eclipse.angus.mail.util.SocketFetcher.configureSSLSocket(SocketFetcher.java:662)
	at org.eclipse.angus.mail.util.SocketFetcher.startTLS(SocketFetcher.java:563)
	at org.eclipse.angus.mail.smtp.SMTPTransport.startTLS(SMTPTransport.java:2168)
	... 23 common frames omitted
